<?xml version="1.0" encoding="UTF-8"?>
<!-- Generated by org.testng.reporters.JUnitXMLReporter -->
<testsuite hostname="DESKTOP-449E9V8" ignored="0" name="Surefire test" tests="6" failures="0" timestamp="18 août 2019 10:43:50 GMT" time="0.064" errors="0">
  <testcase name="Test3" time="0.014" classname="testNGPriority.TestNGPriorityDemo"/>
  <testcase name="Test3" time="0.001" classname="testNGDependency.TestNGDependencyDemo"/>
  <testcase name="Test2" time="0.0" classname="testNGDependency.TestNGDependencyDemo"/>
  <testcase name="Test1" time="0.001" classname="testNGDependency.TestNGDependencyDemo"/>
  <testcase name="Test1" time="0.002" classname="testNGPriority.TestNGPriorityDemo"/>
  <testcase name="Test2" time="0.0" classname="testNGPriority.TestNGPriorityDemo"/>
</testsuite> <!-- Surefire test -->
