<?xml version="1.0" encoding="UTF-8"?>
<!-- Generated by org.testng.reporters.JUnitReportReporter -->
<testsuite skipped="0" hostname="DESKTOP-449E9V8" name="testNGDependency.TestNGDependencyDemo" tests="3" failures="0" timestamp="16 août 2019 09:23:28 GMT" time="0.013" errors="0">
  <testcase name="Test3" time="0.010" classname="testNGDependency.TestNGDependencyDemo"/>
  <testcase name="Test1" time="0.001" classname="testNGDependency.TestNGDependencyDemo"/>
  <testcase name="Test2" time="0.002" classname="testNGDependency.TestNGDependencyDemo"/>
</testsuite> <!-- testNGDependency.TestNGDependencyDemo -->
