<?xml version="1.0" encoding="UTF-8"?>
<!-- Generated by org.testng.reporters.JUnitReportReporter -->
<testsuite skipped="1" hostname="DESKTOP-449E9V8" name="testNGIgnore.TestNGIgnore" tests="2" failures="0" timestamp="16 août 2019 09:30:55 GMT" time="0.011" errors="0">
  <testcase name="Test2" time="0.011" classname="testNGIgnore.TestNGIgnore"/>
  <testcase name="Test1" classname="testNGIgnore.TestNGIgnore">
    <skipped/>
  </testcase> <!-- Test1 -->
</testsuite> <!-- testNGIgnore.TestNGIgnore -->
