<?xml version="1.0" encoding="UTF-8"?>
<!-- Generated by org.testng.reporters.JUnitReportReporter -->
<testsuite skipped="0" hostname="DESKTOP-449E9V8" name="testNGParallel.RunTestBrowserParallel" tests="3" failures="0" timestamp="15 août 2019 14:55:48 GMT" time="15.674" errors="0">
  <testcase name="Testbrowser" time="5.990" classname="testNGParallel.RunTestBrowserParallel"/>
  <testcase name="Testbrowser" time="5.667" classname="testNGParallel.RunTestBrowserParallel"/>
  <testcase name="Testbrowser" time="4.017" classname="testNGParallel.RunTestBrowserParallel"/>
</testsuite> <!-- testNGParallel.RunTestBrowserParallel -->
