<?xml version="1.0" encoding="UTF-8"?>
<!-- Generated by org.testng.reporters.JUnitReportReporter -->
<testsuite skipped="0" hostname="DESKTOP-449E9V8" name="testNGPriority.TestNGPriorityDemo" tests="3" failures="0" timestamp="15 août 2019 13:56:10 GMT" time="0.031" errors="0">
  <testcase name="Test3" time="0.016" classname="testNGPriority.TestNGPriorityDemo"/>
  <testcase name="Test1" time="0.015" classname="testNGPriority.TestNGPriorityDemo"/>
  <testcase name="Test2" time="0.000" classname="testNGPriority.TestNGPriorityDemo"/>
</testsuite> <!-- testNGPriority.TestNGPriorityDemo -->
