<?xml version="1.0" encoding="UTF-8"?>
<!-- Generated by org.testng.reporters.JUnitReportReporter -->
<testsuite skipped="0" hostname="DESKTOP-449E9V8" name="utils.ExcelDataProvider" tests="3" failures="0" timestamp="15 août 2019 11:14:21 GMT" time="22.285" errors="0">
  <testcase name="test1" time="7.479" classname="utils.ExcelDataProvider"/>
  <testcase name="test1" time="7.574" classname="utils.ExcelDataProvider"/>
  <testcase name="test1" time="7.232" classname="utils.ExcelDataProvider"/>
</testsuite> <!-- utils.ExcelDataProvider -->
