<?xml version="1.0" encoding="UTF-8"?>
<!-- Generated by org.testng.reporters.JUnitXMLReporter -->
<testsuite hostname="DESKTOP-449E9V8" ignored="0" name="Test" tests="6" failures="2" timestamp="15 août 2019 12:08:13 GMT" time="0.083" errors="0">
  <testcase name="Test1" time="0.012" classname="listeners.TestNGListenersDemo"/>
  <testcase name="Test2" time="0.007" classname="listeners.TestNGListenersDemo">
    <failure type="java.lang.AssertionError" message="expected [true] but found [false]">
      <![CDATA[java.lang.AssertionError: expected [true] but found [false]
at listeners.TestNGListenersDemo.Test2(TestNGListenersDemo.java:20)
... Removed 29 stack frames]]>
    </failure>
  </testcase> <!-- Test2 -->
  <testcase name="Test3" time="0.002" classname="listeners.TestNGListenersDemo">
    <skipped/>
  </testcase> <!-- Test3 -->
  <testcase name="Test4" time="0.002" classname="listeners.TestNGListenersDemo2"/>
  <testcase name="Test5" time="0.002" classname="listeners.TestNGListenersDemo2">
    <failure type="java.lang.AssertionError" message="expected [true] but found [false]">
      <![CDATA[java.lang.AssertionError: expected [true] but found [false]
at listeners.TestNGListenersDemo2.Test5(TestNGListenersDemo2.java:19)
... Removed 29 stack frames]]>
    </failure>
  </testcase> <!-- Test5 -->
  <testcase name="Test6" time="0.001" classname="listeners.TestNGListenersDemo2">
    <skipped/>
  </testcase> <!-- Test6 -->
</testsuite> <!-- Test -->
