<?xml version="1.0" encoding="UTF-8"?>
<testng-results skipped="0" failed="0" ignored="0" total="6" passed="6">
  <reporter-output>
  </reporter-output>
  <suite name="Surefire suite" duration-ms="64" started-at="2019-08-18T10:43:50Z" finished-at="2019-08-18T10:43:50Z">
    <groups>
      <group name="TNR">
        <method signature="TestNGDependencyDemo.Test3()[pri:0, instance:testNGDependency.TestNGDependencyDemo@67b6d4ae]" name="Test3" class="testNGDependency.TestNGDependencyDemo"/>
      </group> <!-- TNR -->
    </groups>
    <test name="Surefire test" duration-ms="64" started-at="2019-08-18T10:43:50Z" finished-at="2019-08-18T10:43:50Z">
      <class name="testNGPriority.TestNGPriorityDemo">
        <test-method status="PASS" signature="Test3()[pri:-1, instance:testNGPriority.TestNGPriorityDemo@34b7bfc0]" name="Test3" duration-ms="14" started-at="2019-08-18T10:43:50Z" finished-at="2019-08-18T10:43:50Z">
          <reporter-output>
          </reporter-output>
        </test-method> <!-- Test3 -->
        <test-method status="PASS" signature="Test1()[pri:1, instance:testNGPriority.TestNGPriorityDemo@34b7bfc0]" name="Test1" duration-ms="2" started-at="2019-08-18T10:43:50Z" finished-at="2019-08-18T10:43:50Z">
          <reporter-output>
          </reporter-output>
        </test-method> <!-- Test1 -->
        <test-method status="PASS" signature="Test2()[pri:3, instance:testNGPriority.TestNGPriorityDemo@34b7bfc0]" name="Test2" duration-ms="0" started-at="2019-08-18T10:43:50Z" finished-at="2019-08-18T10:43:50Z">
          <reporter-output>
          </reporter-output>
        </test-method> <!-- Test2 -->
      </class> <!-- testNGPriority.TestNGPriorityDemo -->
      <class name="testNGDependency.TestNGDependencyDemo">
        <test-method status="PASS" signature="Test3()[pri:0, instance:testNGDependency.TestNGDependencyDemo@67b6d4ae]" name="Test3" duration-ms="1" started-at="2019-08-18T10:43:50Z" finished-at="2019-08-18T10:43:50Z">
          <reporter-output>
          </reporter-output>
        </test-method> <!-- Test3 -->
        <test-method status="PASS" signature="Test2()[pri:0, instance:testNGDependency.TestNGDependencyDemo@67b6d4ae]" name="Test2" duration-ms="0" depends-on-groups="TNR" started-at="2019-08-18T10:43:50Z" finished-at="2019-08-18T10:43:50Z">
          <reporter-output>
          </reporter-output>
        </test-method> <!-- Test2 -->
        <test-method status="PASS" signature="Test1()[pri:0, instance:testNGDependency.TestNGDependencyDemo@67b6d4ae]" name="Test1" duration-ms="1" started-at="2019-08-18T10:43:50Z" depends-on-methods="testNGDependency.TestNGDependencyDemo.Test2" finished-at="2019-08-18T10:43:50Z">
          <reporter-output>
          </reporter-output>
        </test-method> <!-- Test1 -->
      </class> <!-- testNGDependency.TestNGDependencyDemo -->
    </test> <!-- Surefire test -->
  </suite> <!-- Surefire suite -->
</testng-results>
