<?xml version="1.0" encoding="UTF-8"?>
<!-- Generated by org.testng.reporters.JUnitXMLReporter -->
<testsuite hostname="DESKTOP-449E9V8" ignored="2" name="Test1" tests="2" failures="0" timestamp="15 août 2019 16:59:42 GMT" time="0.054" errors="0">
  <testcase name="Test1" time="0.017" classname="testNGGroupe.TestNGGroupeDemo"/>
  <testcase name="Test2" time="0.002" classname="testNGGroupe.TestNGGroupeDemo"/>
  <testcase name="Test4" time="0.0" classname="testNGGroupe.TestNGGroupeDemo">
    <ignored/>
  </testcase> <!-- Test4 -->
  <testcase name="Test3" time="0.0" classname="testNGGroupe.TestNGGroupeDemo">
    <ignored/>
  </testcase> <!-- Test3 -->
</testsuite> <!-- Test1 -->
